2024-06-14 08:47:17,157 INFO Set uid to user 0 succeeded
2024-06-14 08:47:17,162 INFO supervisord started with pid 1
2024-06-14 08:47:18,169 INFO spawned: 'nginx' with pid 7
2024-06-14 08:47:18,172 INFO spawned: 'php-fpm' with pid 8
2024-06-14 08:47:19,280 INFO success: nginx entered RUNNING state, process has stayed up for > than 1 seconds (startsecs)
2024-06-14 08:47:19,280 INFO success: php-fpm entered RUNNING state, process has stayed up for > than 1 seconds (startsecs)
2024-06-14 08:55:49,954 WARN received SIGTERM indicating exit request
2024-06-14 08:55:49,955 INFO waiting for nginx, php-fpm to die
2024-06-14 08:55:50,957 INFO stopped: php-fpm (exit status 0)
2024-06-14 08:55:51,060 INFO stopped: nginx (exit status 0)
2024-06-14 10:07:26,349 INFO Set uid to user 0 succeeded
2024-06-14 10:07:26,353 INFO supervisord started with pid 1
2024-06-14 10:07:27,355 INFO spawned: 'nginx' with pid 7
2024-06-14 10:07:27,358 INFO spawned: 'php-fpm' with pid 8
2024-06-14 10:07:28,397 INFO success: nginx entered RUNNING state, process has stayed up for > than 1 seconds (startsecs)
2024-06-14 10:07:28,397 INFO success: php-fpm entered RUNNING state, process has stayed up for > than 1 seconds (startsecs)
2024-06-14 10:07:50,424 WARN received SIGTERM indicating exit request
2024-06-14 10:07:50,425 INFO waiting for nginx, php-fpm to die
2024-06-14 10:07:50,433 INFO stopped: php-fpm (exit status 0)
2024-06-14 10:07:50,546 INFO stopped: nginx (exit status 0)
2024-06-14 10:08:25,787 INFO Set uid to user 0 succeeded
2024-06-14 10:08:25,790 INFO supervisord started with pid 1
2024-06-14 10:08:26,792 INFO spawned: 'nginx' with pid 7
2024-06-14 10:08:26,794 INFO spawned: 'php-fpm' with pid 8
2024-06-14 10:08:27,833 INFO success: nginx entered RUNNING state, process has stayed up for > than 1 seconds (startsecs)
2024-06-14 10:08:27,833 INFO success: php-fpm entered RUNNING state, process has stayed up for > than 1 seconds (startsecs)
2024-06-14 10:08:27,833 WARN received SIGTERM indicating exit request
2024-06-14 10:08:27,833 INFO waiting for nginx, php-fpm to die
2024-06-14 10:08:27,842 INFO stopped: php-fpm (exit status 0)
2024-06-14 10:08:27,929 INFO stopped: nginx (exit status 0)
2024-06-14 10:08:53,528 INFO Set uid to user 0 succeeded
2024-06-14 10:08:53,531 INFO supervisord started with pid 1
2024-06-14 10:08:54,535 INFO spawned: 'nginx' with pid 7
2024-06-14 10:08:54,537 INFO spawned: 'php-fpm' with pid 8
2024-06-14 10:08:55,577 INFO success: nginx entered RUNNING state, process has stayed up for > than 1 seconds (startsecs)
2024-06-14 10:08:55,577 INFO success: php-fpm entered RUNNING state, process has stayed up for > than 1 seconds (startsecs)
2024-06-14 10:15:17,070 WARN received SIGTERM indicating exit request
2024-06-14 10:15:17,071 INFO waiting for nginx, php-fpm to die
2024-06-14 10:15:17,081 INFO stopped: php-fpm (exit status 0)
2024-06-14 10:15:17,203 INFO stopped: nginx (exit status 0)
2024-06-14 10:15:18,257 INFO Set uid to user 0 succeeded
2024-06-14 10:15:18,260 INFO supervisord started with pid 1
2024-06-14 10:15:19,265 INFO spawned: 'nginx' with pid 7
2024-06-14 10:15:19,266 INFO spawnerr: can't find command '/usr/sbin/php-fpm'
2024-06-14 10:15:20,277 INFO success: nginx entered RUNNING state, process has stayed up for > than 1 seconds (startsecs)
2024-06-14 10:15:20,278 INFO spawnerr: can't find command '/usr/sbin/php-fpm'
2024-06-14 10:15:22,281 INFO spawnerr: can't find command '/usr/sbin/php-fpm'
2024-06-14 10:15:25,286 INFO spawnerr: can't find command '/usr/sbin/php-fpm'
2024-06-14 10:15:25,286 INFO gave up: php-fpm entered FATAL state, too many start retries too quickly
2024-06-14 10:15:35,301 WARN received SIGTERM indicating exit request
2024-06-14 10:15:35,301 INFO waiting for nginx to die
2024-06-14 10:15:36,394 INFO stopped: nginx (exit status 0)
2024-06-14 10:22:41,600 INFO Set uid to user 0 succeeded
2024-06-14 10:22:41,603 INFO supervisord started with pid 1
2024-06-14 10:22:42,607 INFO spawned: 'nginx' with pid 7
2024-06-14 10:22:42,609 INFO spawnerr: can't find command '/usr/sbin/php-fpm'
2024-06-14 10:22:43,619 INFO success: nginx entered RUNNING state, process has stayed up for > than 1 seconds (startsecs)
2024-06-14 10:22:43,620 INFO spawnerr: can't find command '/usr/sbin/php-fpm'
2024-06-14 10:22:45,624 INFO spawnerr: can't find command '/usr/sbin/php-fpm'
2024-06-14 10:22:48,629 INFO spawnerr: can't find command '/usr/sbin/php-fpm'
2024-06-14 10:22:48,629 INFO gave up: php-fpm entered FATAL state, too many start retries too quickly
2024-06-14 11:47:17,199 WARN received SIGTERM indicating exit request
2024-06-14 11:47:17,200 INFO waiting for nginx to die
2024-06-14 11:47:18,322 INFO stopped: nginx (exit status 0)
2024-06-14 11:47:19,323 INFO Set uid to user 0 succeeded
2024-06-14 11:47:19,326 INFO supervisord started with pid 1
2024-06-14 11:47:20,330 INFO spawned: 'nginx' with pid 7
2024-06-14 11:47:20,331 INFO spawnerr: can't find command '/usr/sbin/php-fpm'
2024-06-14 11:47:21,342 INFO success: nginx entered RUNNING state, process has stayed up for > than 1 seconds (startsecs)
2024-06-14 11:47:21,343 INFO spawnerr: can't find command '/usr/sbin/php-fpm'
2024-06-14 11:47:23,346 INFO spawnerr: can't find command '/usr/sbin/php-fpm'
2024-06-14 11:47:26,351 INFO spawnerr: can't find command '/usr/sbin/php-fpm'
2024-06-14 11:47:26,351 INFO gave up: php-fpm entered FATAL state, too many start retries too quickly
2024-06-14 12:05:01,690 WARN received SIGTERM indicating exit request
2024-06-14 12:05:01,690 INFO waiting for nginx to die
2024-06-14 12:05:02,755 INFO stopped: nginx (exit status 0)
2024-06-14 12:05:03,677 INFO Set uid to user 0 succeeded
2024-06-14 12:05:03,681 INFO supervisord started with pid 1
2024-06-14 12:05:04,684 INFO spawned: 'nginx' with pid 7
2024-06-14 12:05:04,685 INFO spawnerr: can't find command '/usr/sbin/php-fpm'
2024-06-14 12:05:05,695 INFO success: nginx entered RUNNING state, process has stayed up for > than 1 seconds (startsecs)
2024-06-14 12:05:05,695 INFO spawnerr: can't find command '/usr/sbin/php-fpm'
2024-06-14 12:05:07,698 INFO spawnerr: can't find command '/usr/sbin/php-fpm'
2024-06-14 12:05:10,700 INFO spawnerr: can't find command '/usr/sbin/php-fpm'
2024-06-14 12:05:10,700 INFO gave up: php-fpm entered FATAL state, too many start retries too quickly
2024-06-14 12:27:21,275 WARN received SIGTERM indicating exit request
2024-06-14 12:27:21,275 INFO waiting for nginx to die
2024-06-14 12:27:22,391 INFO stopped: nginx (exit status 0)
2024-06-14 12:27:23,334 INFO Set uid to user 0 succeeded
2024-06-14 12:27:23,337 INFO supervisord started with pid 1
2024-06-14 12:27:24,339 INFO spawned: 'nginx' with pid 7
2024-06-14 12:27:24,342 INFO spawned: 'php-fpm' with pid 8
2024-06-14 12:27:25,403 INFO success: nginx entered RUNNING state, process has stayed up for > than 1 seconds (startsecs)
2024-06-14 12:27:25,403 INFO success: php-fpm entered RUNNING state, process has stayed up for > than 1 seconds (startsecs)
2024-06-14 12:29:37,555 INFO reaped unknown pid 130 (terminated by SIGTERM)
2024-06-14 14:08:26,611 WARN received SIGTERM indicating exit request
2024-06-14 14:08:26,611 INFO waiting for nginx, php-fpm to die
2024-06-14 14:08:26,633 INFO stopped: php-fpm (exit status 0)
2024-06-14 14:08:26,761 INFO stopped: nginx (exit status 0)
2024-06-14 14:09:03,299 INFO Set uid to user 0 succeeded
2024-06-14 14:09:03,302 INFO supervisord started with pid 1
2024-06-14 14:09:04,305 INFO spawned: 'nginx' with pid 7
2024-06-14 14:09:04,308 INFO spawned: 'php-fpm' with pid 8
2024-06-14 14:09:05,372 INFO success: nginx entered RUNNING state, process has stayed up for > than 1 seconds (startsecs)
2024-06-14 14:09:05,372 INFO success: php-fpm entered RUNNING state, process has stayed up for > than 1 seconds (startsecs)
2024-06-14 14:13:11,677 INFO reaped unknown pid 198 (terminated by SIGTERM)
2024-06-14 16:45:29,236 WARN received SIGTERM indicating exit request
2024-06-14 16:45:29,238 INFO waiting for nginx, php-fpm to die
2024-06-14 16:45:29,287 INFO stopped: php-fpm (exit status 0)
2024-06-14 16:45:29,387 INFO stopped: nginx (exit status 0)
2024-06-18 09:50:45,949 INFO Set uid to user 0 succeeded
2024-06-18 09:50:45,954 INFO supervisord started with pid 1
2024-06-18 09:50:46,957 INFO spawned: 'nginx' with pid 24
2024-06-18 09:50:46,960 INFO spawned: 'php-fpm' with pid 25
2024-06-18 09:50:48,025 INFO success: nginx entered RUNNING state, process has stayed up for > than 1 seconds (startsecs)
2024-06-18 09:50:48,025 INFO success: php-fpm entered RUNNING state, process has stayed up for > than 1 seconds (startsecs)
2024-06-18 10:07:02,161 WARN received SIGTERM indicating exit request
2024-06-18 10:07:02,162 INFO waiting for nginx, php-fpm to die
2024-06-18 10:07:02,175 INFO stopped: php-fpm (exit status 0)
2024-06-18 10:07:02,293 INFO stopped: nginx (exit status 0)
2024-06-18 10:07:04,333 INFO Set uid to user 0 succeeded
2024-06-18 10:07:04,336 INFO supervisord started with pid 1
2024-06-18 10:07:05,341 INFO spawned: 'nginx' with pid 7
2024-06-18 10:07:05,344 INFO spawned: 'php-fpm' with pid 8
2024-06-18 10:07:06,396 INFO success: nginx entered RUNNING state, process has stayed up for > than 1 seconds (startsecs)
2024-06-18 10:07:06,397 INFO success: php-fpm entered RUNNING state, process has stayed up for > than 1 seconds (startsecs)
2024-06-18 10:07:34,428 WARN received SIGTERM indicating exit request
2024-06-18 10:07:34,429 INFO waiting for nginx, php-fpm to die
2024-06-18 10:07:34,439 INFO stopped: php-fpm (exit status 0)
2024-06-18 10:07:34,541 INFO stopped: nginx (exit status 0)
2024-06-18 10:07:37,690 INFO Set uid to user 0 succeeded
2024-06-18 10:07:37,693 INFO supervisord started with pid 1
2024-06-18 10:07:38,696 INFO spawned: 'nginx' with pid 7
2024-06-18 10:07:38,699 INFO spawned: 'php-fpm' with pid 8
2024-06-18 10:07:39,751 INFO success: nginx entered RUNNING state, process has stayed up for > than 1 seconds (startsecs)
2024-06-18 10:07:39,751 INFO success: php-fpm entered RUNNING state, process has stayed up for > than 1 seconds (startsecs)
2024-06-18 10:07:47,760 WARN received SIGTERM indicating exit request
2024-06-18 10:07:47,761 INFO waiting for nginx, php-fpm to die
2024-06-18 10:07:47,771 INFO stopped: php-fpm (exit status 0)
2024-06-18 10:07:47,893 INFO stopped: nginx (exit status 0)
2024-06-18 10:07:53,247 INFO Set uid to user 0 succeeded
2024-06-18 10:07:53,250 INFO supervisord started with pid 1
2024-06-18 10:07:54,253 INFO spawned: 'nginx' with pid 6
2024-06-18 10:07:54,255 INFO spawned: 'php-fpm' with pid 7
2024-06-18 10:07:55,310 INFO success: nginx entered RUNNING state, process has stayed up for > than 1 seconds (startsecs)
2024-06-18 10:07:55,311 INFO success: php-fpm entered RUNNING state, process has stayed up for > than 1 seconds (startsecs)
2024-06-18 10:08:40,362 WARN received SIGTERM indicating exit request
2024-06-18 10:08:40,362 INFO waiting for nginx, php-fpm to die
2024-06-18 10:08:40,373 INFO stopped: php-fpm (exit status 0)
2024-06-18 10:08:40,476 INFO stopped: nginx (exit status 0)
2024-06-18 10:08:41,404 INFO Set uid to user 0 succeeded
2024-06-18 10:08:41,408 INFO supervisord started with pid 1
2024-06-18 10:08:42,412 INFO spawned: 'nginx' with pid 6
2024-06-18 10:08:42,415 INFO spawned: 'php-fpm' with pid 7
2024-06-18 10:08:43,478 INFO success: nginx entered RUNNING state, process has stayed up for > than 1 seconds (startsecs)
2024-06-18 10:08:43,478 INFO success: php-fpm entered RUNNING state, process has stayed up for > than 1 seconds (startsecs)
2024-06-18 10:08:48,485 WARN received SIGTERM indicating exit request
2024-06-18 10:08:48,485 INFO waiting for nginx, php-fpm to die
2024-06-18 10:08:48,494 INFO stopped: php-fpm (exit status 0)
2024-06-18 10:08:48,602 INFO stopped: nginx (exit status 0)
2024-06-18 10:08:53,493 INFO Set uid to user 0 succeeded
2024-06-18 10:08:53,496 INFO supervisord started with pid 1
2024-06-18 10:08:54,500 INFO spawned: 'nginx' with pid 7
2024-06-18 10:08:54,503 INFO spawned: 'php-fpm' with pid 8
2024-06-18 10:08:55,557 INFO success: nginx entered RUNNING state, process has stayed up for > than 1 seconds (startsecs)
2024-06-18 10:08:55,557 INFO success: php-fpm entered RUNNING state, process has stayed up for > than 1 seconds (startsecs)
2024-06-18 10:09:23,590 WARN received SIGTERM indicating exit request
2024-06-18 10:09:23,591 INFO waiting for nginx, php-fpm to die
2024-06-18 10:09:23,602 INFO stopped: php-fpm (exit status 0)
2024-06-18 10:09:23,708 INFO stopped: nginx (exit status 0)
2024-06-18 10:09:24,586 INFO Set uid to user 0 succeeded
2024-06-18 10:09:24,589 INFO supervisord started with pid 1
2024-06-18 10:09:25,593 INFO spawned: 'nginx' with pid 7
2024-06-18 10:09:25,596 INFO spawned: 'php-fpm' with pid 8
2024-06-18 10:09:26,657 INFO success: nginx entered RUNNING state, process has stayed up for > than 1 seconds (startsecs)
2024-06-18 10:09:26,657 INFO success: php-fpm entered RUNNING state, process has stayed up for > than 1 seconds (startsecs)
2024-06-18 10:09:50,687 WARN received SIGTERM indicating exit request
2024-06-18 10:09:50,687 INFO waiting for nginx, php-fpm to die
2024-06-18 10:09:50,699 INFO stopped: php-fpm (exit status 0)
2024-06-18 10:09:50,796 INFO stopped: nginx (exit status 0)
2024-06-18 10:09:51,726 INFO Set uid to user 0 succeeded
2024-06-18 10:09:51,730 INFO supervisord started with pid 1
2024-06-18 10:09:52,735 INFO spawned: 'nginx' with pid 7
2024-06-18 10:09:52,738 INFO spawned: 'php-fpm' with pid 8
2024-06-18 10:09:53,794 INFO success: nginx entered RUNNING state, process has stayed up for > than 1 seconds (startsecs)
2024-06-18 10:09:53,794 INFO success: php-fpm entered RUNNING state, process has stayed up for > than 1 seconds (startsecs)
2024-06-18 10:09:58,800 INFO reaped unknown pid 99 (exit status 0)
2024-06-18 12:28:41,338 INFO reaped unknown pid 244 (terminated by SIGTERM)
2024-06-18 13:20:19,823 INFO reaped unknown pid 422 (exit status 0)
2024-06-18 15:40:05,184 INFO reaped unknown pid 485 (exit status 0)
2024-06-18 15:46:19,608 INFO reaped unknown pid 536 (exit status 0)
2024-06-18 15:51:44,976 INFO reaped unknown pid 581 (exit status 0)
2024-06-18 16:26:00,315 WARN received SIGTERM indicating exit request
2024-06-18 16:26:00,316 INFO waiting for nginx, php-fpm to die
2024-06-18 16:26:00,339 INFO stopped: php-fpm (exit status 0)
2024-06-18 16:26:00,431 INFO stopped: nginx (exit status 0)
2024-06-19 08:00:16,393 INFO Set uid to user 0 succeeded
2024-06-19 08:00:16,397 INFO supervisord started with pid 1
2024-06-19 08:00:17,402 INFO spawned: 'nginx' with pid 7
2024-06-19 08:00:17,405 INFO spawned: 'php-fpm' with pid 8
2024-06-19 08:00:18,538 INFO success: nginx entered RUNNING state, process has stayed up for > than 1 seconds (startsecs)
2024-06-19 08:00:18,538 INFO success: php-fpm entered RUNNING state, process has stayed up for > than 1 seconds (startsecs)
2024-06-19 08:00:36,561 INFO reaped unknown pid 54 (exit status 0)
2024-06-19 08:00:45,573 INFO reaped unknown pid 79 (exit status 0)
